mode: count
github.com/AlgorithmChopda/ecommerce-for-sneakers-API-in-go/internal/api/order.go:16.94,17.54 1 1
github.com/AlgorithmChopda/ecommerce-for-sneakers-API-in-go/internal/api/order.go:17.54,19.17 2 2
github.com/AlgorithmChopda/ecommerce-for-sneakers-API-in-go/internal/api/order.go:19.17,21.4 1 0
github.com/AlgorithmChopda/ecommerce-for-sneakers-API-in-go/internal/api/order.go:23.3,24.17 2 2
github.com/AlgorithmChopda/ecommerce-for-sneakers-API-in-go/internal/api/order.go:24.17,28.4 3 1
github.com/AlgorithmChopda/ecommerce-for-sneakers-API-in-go/internal/api/order.go:30.3,30.76 1 1
github.com/AlgorithmChopda/ecommerce-for-sneakers-API-in-go/internal/api/order.go:34.91,35.54 1 1
github.com/AlgorithmChopda/ecommerce-for-sneakers-API-in-go/internal/api/order.go:35.54,37.17 2 6
github.com/AlgorithmChopda/ecommerce-for-sneakers-API-in-go/internal/api/order.go:37.17,39.4 1 0
github.com/AlgorithmChopda/ecommerce-for-sneakers-API-in-go/internal/api/order.go:41.3,42.17 2 6
github.com/AlgorithmChopda/ecommerce-for-sneakers-API-in-go/internal/api/order.go:42.17,45.4 2 1
github.com/AlgorithmChopda/ecommerce-for-sneakers-API-in-go/internal/api/order.go:47.3,48.17 2 5
github.com/AlgorithmChopda/ecommerce-for-sneakers-API-in-go/internal/api/order.go:48.17,49.18 1 1
github.com/AlgorithmChopda/ecommerce-for-sneakers-API-in-go/internal/api/order.go:49.18,52.5 2 1
github.com/AlgorithmChopda/ecommerce-for-sneakers-API-in-go/internal/api/order.go:55.3,57.17 3 4
github.com/AlgorithmChopda/ecommerce-for-sneakers-API-in-go/internal/api/order.go:57.17,60.4 2 1
github.com/AlgorithmChopda/ecommerce-for-sneakers-API-in-go/internal/api/order.go:63.3,64.17 2 3
github.com/AlgorithmChopda/ecommerce-for-sneakers-API-in-go/internal/api/order.go:64.17,67.4 2 1
github.com/AlgorithmChopda/ecommerce-for-sneakers-API-in-go/internal/api/order.go:69.3,71.17 2 2
github.com/AlgorithmChopda/ecommerce-for-sneakers-API-in-go/internal/api/order.go:71.17,75.4 3 1
github.com/AlgorithmChopda/ecommerce-for-sneakers-API-in-go/internal/api/order.go:77.3,77.77 1 1
github.com/AlgorithmChopda/ecommerce-for-sneakers-API-in-go/internal/api/order.go:81.98,82.54 1 1
github.com/AlgorithmChopda/ecommerce-for-sneakers-API-in-go/internal/api/order.go:82.54,84.17 2 6
github.com/AlgorithmChopda/ecommerce-for-sneakers-API-in-go/internal/api/order.go:84.17,86.4 1 0
github.com/AlgorithmChopda/ecommerce-for-sneakers-API-in-go/internal/api/order.go:88.3,89.17 2 6
github.com/AlgorithmChopda/ecommerce-for-sneakers-API-in-go/internal/api/order.go:89.17,90.18 1 1
github.com/AlgorithmChopda/ecommerce-for-sneakers-API-in-go/internal/api/order.go:90.18,93.5 2 1
github.com/AlgorithmChopda/ecommerce-for-sneakers-API-in-go/internal/api/order.go:96.3,97.17 2 5
github.com/AlgorithmChopda/ecommerce-for-sneakers-API-in-go/internal/api/order.go:97.17,98.18 1 1
github.com/AlgorithmChopda/ecommerce-for-sneakers-API-in-go/internal/api/order.go:98.18,101.5 2 1
github.com/AlgorithmChopda/ecommerce-for-sneakers-API-in-go/internal/api/order.go:104.3,106.17 3 4
github.com/AlgorithmChopda/ecommerce-for-sneakers-API-in-go/internal/api/order.go:106.17,109.4 2 1
github.com/AlgorithmChopda/ecommerce-for-sneakers-API-in-go/internal/api/order.go:111.3,111.23 1 3
github.com/AlgorithmChopda/ecommerce-for-sneakers-API-in-go/internal/api/order.go:111.23,114.4 2 1
github.com/AlgorithmChopda/ecommerce-for-sneakers-API-in-go/internal/api/order.go:116.3,118.17 2 2
github.com/AlgorithmChopda/ecommerce-for-sneakers-API-in-go/internal/api/order.go:118.17,122.4 3 1
github.com/AlgorithmChopda/ecommerce-for-sneakers-API-in-go/internal/api/order.go:124.3,124.79 1 1
github.com/AlgorithmChopda/ecommerce-for-sneakers-API-in-go/internal/api/order.go:128.93,129.54 1 1
github.com/AlgorithmChopda/ecommerce-for-sneakers-API-in-go/internal/api/order.go:129.54,131.17 2 5
github.com/AlgorithmChopda/ecommerce-for-sneakers-API-in-go/internal/api/order.go:131.17,133.4 1 0
github.com/AlgorithmChopda/ecommerce-for-sneakers-API-in-go/internal/api/order.go:135.3,137.17 3 5
github.com/AlgorithmChopda/ecommerce-for-sneakers-API-in-go/internal/api/order.go:137.17,140.4 2 1
github.com/AlgorithmChopda/ecommerce-for-sneakers-API-in-go/internal/api/order.go:142.3,147.17 3 4
github.com/AlgorithmChopda/ecommerce-for-sneakers-API-in-go/internal/api/order.go:147.17,150.4 2 1
github.com/AlgorithmChopda/ecommerce-for-sneakers-API-in-go/internal/api/order.go:152.3,152.32 1 3
github.com/AlgorithmChopda/ecommerce-for-sneakers-API-in-go/internal/api/order.go:152.32,155.4 2 1
github.com/AlgorithmChopda/ecommerce-for-sneakers-API-in-go/internal/api/order.go:157.3,159.17 2 2
github.com/AlgorithmChopda/ecommerce-for-sneakers-API-in-go/internal/api/order.go:159.17,163.4 3 1
github.com/AlgorithmChopda/ecommerce-for-sneakers-API-in-go/internal/api/order.go:165.3,165.81 1 1
github.com/AlgorithmChopda/ecommerce-for-sneakers-API-in-go/internal/api/order.go:169.99,170.54 1 0
github.com/AlgorithmChopda/ecommerce-for-sneakers-API-in-go/internal/api/order.go:170.54,172.17 2 0
github.com/AlgorithmChopda/ecommerce-for-sneakers-API-in-go/internal/api/order.go:172.17,174.4 1 0
github.com/AlgorithmChopda/ecommerce-for-sneakers-API-in-go/internal/api/order.go:175.3,176.17 2 0
github.com/AlgorithmChopda/ecommerce-for-sneakers-API-in-go/internal/api/order.go:176.17,177.18 1 0
github.com/AlgorithmChopda/ecommerce-for-sneakers-API-in-go/internal/api/order.go:177.18,180.5 2 0
github.com/AlgorithmChopda/ecommerce-for-sneakers-API-in-go/internal/api/order.go:183.3,185.17 2 0
github.com/AlgorithmChopda/ecommerce-for-sneakers-API-in-go/internal/api/order.go:185.17,189.4 3 0
github.com/AlgorithmChopda/ecommerce-for-sneakers-API-in-go/internal/api/order.go:191.3,191.94 1 0
github.com/AlgorithmChopda/ecommerce-for-sneakers-API-in-go/internal/api/order.go:195.104,196.54 1 0
github.com/AlgorithmChopda/ecommerce-for-sneakers-API-in-go/internal/api/order.go:196.54,198.17 2 0
github.com/AlgorithmChopda/ecommerce-for-sneakers-API-in-go/internal/api/order.go:198.17,200.4 1 0
github.com/AlgorithmChopda/ecommerce-for-sneakers-API-in-go/internal/api/order.go:201.3,202.17 2 0
github.com/AlgorithmChopda/ecommerce-for-sneakers-API-in-go/internal/api/order.go:202.17,203.18 1 0
github.com/AlgorithmChopda/ecommerce-for-sneakers-API-in-go/internal/api/order.go:203.18,206.5 2 0
github.com/AlgorithmChopda/ecommerce-for-sneakers-API-in-go/internal/api/order.go:209.3,211.17 2 0
github.com/AlgorithmChopda/ecommerce-for-sneakers-API-in-go/internal/api/order.go:211.17,215.4 3 0
github.com/AlgorithmChopda/ecommerce-for-sneakers-API-in-go/internal/api/order.go:217.3,217.91 1 0
github.com/AlgorithmChopda/ecommerce-for-sneakers-API-in-go/internal/api/order.go:221.101,222.54 1 0
github.com/AlgorithmChopda/ecommerce-for-sneakers-API-in-go/internal/api/order.go:222.54,224.17 2 0
github.com/AlgorithmChopda/ecommerce-for-sneakers-API-in-go/internal/api/order.go:224.17,226.4 1 0
github.com/AlgorithmChopda/ecommerce-for-sneakers-API-in-go/internal/api/order.go:227.3,229.17 2 0
github.com/AlgorithmChopda/ecommerce-for-sneakers-API-in-go/internal/api/order.go:229.17,232.4 2 0
github.com/AlgorithmChopda/ecommerce-for-sneakers-API-in-go/internal/api/order.go:234.3,234.95 1 0
github.com/AlgorithmChopda/ecommerce-for-sneakers-API-in-go/internal/api/product.go:14.100,15.54 1 1
github.com/AlgorithmChopda/ecommerce-for-sneakers-API-in-go/internal/api/product.go:15.54,18.17 3 4
github.com/AlgorithmChopda/ecommerce-for-sneakers-API-in-go/internal/api/product.go:18.17,21.4 2 1
github.com/AlgorithmChopda/ecommerce-for-sneakers-API-in-go/internal/api/product.go:24.3,25.17 2 3
github.com/AlgorithmChopda/ecommerce-for-sneakers-API-in-go/internal/api/product.go:25.17,28.4 2 1
github.com/AlgorithmChopda/ecommerce-for-sneakers-API-in-go/internal/api/product.go:30.3,31.17 2 2
github.com/AlgorithmChopda/ecommerce-for-sneakers-API-in-go/internal/api/product.go:31.17,33.4 1 0
github.com/AlgorithmChopda/ecommerce-for-sneakers-API-in-go/internal/api/product.go:35.3,36.17 2 2
github.com/AlgorithmChopda/ecommerce-for-sneakers-API-in-go/internal/api/product.go:36.17,39.4 2 1
github.com/AlgorithmChopda/ecommerce-for-sneakers-API-in-go/internal/api/product.go:41.3,41.74 1 1
github.com/AlgorithmChopda/ecommerce-for-sneakers-API-in-go/internal/api/product.go:45.97,46.54 1 1
github.com/AlgorithmChopda/ecommerce-for-sneakers-API-in-go/internal/api/product.go:46.54,48.17 2 3
github.com/AlgorithmChopda/ecommerce-for-sneakers-API-in-go/internal/api/product.go:48.17,51.4 2 1
github.com/AlgorithmChopda/ecommerce-for-sneakers-API-in-go/internal/api/product.go:53.3,54.17 2 2
github.com/AlgorithmChopda/ecommerce-for-sneakers-API-in-go/internal/api/product.go:54.17,58.4 3 1
github.com/AlgorithmChopda/ecommerce-for-sneakers-API-in-go/internal/api/product.go:60.3,60.75 1 1
github.com/AlgorithmChopda/ecommerce-for-sneakers-API-in-go/internal/api/product.go:64.100,66.54 1 1
github.com/AlgorithmChopda/ecommerce-for-sneakers-API-in-go/internal/api/product.go:66.54,68.17 2 5
github.com/AlgorithmChopda/ecommerce-for-sneakers-API-in-go/internal/api/product.go:68.17,71.4 2 1
github.com/AlgorithmChopda/ecommerce-for-sneakers-API-in-go/internal/api/product.go:73.3,75.17 3 4
github.com/AlgorithmChopda/ecommerce-for-sneakers-API-in-go/internal/api/product.go:75.17,78.4 2 1
github.com/AlgorithmChopda/ecommerce-for-sneakers-API-in-go/internal/api/product.go:80.3,81.17 2 3
github.com/AlgorithmChopda/ecommerce-for-sneakers-API-in-go/internal/api/product.go:81.17,84.4 2 1
github.com/AlgorithmChopda/ecommerce-for-sneakers-API-in-go/internal/api/product.go:86.3,87.17 2 2
github.com/AlgorithmChopda/ecommerce-for-sneakers-API-in-go/internal/api/product.go:87.17,91.4 3 1
github.com/AlgorithmChopda/ecommerce-for-sneakers-API-in-go/internal/api/product.go:93.3,93.71 1 1
github.com/AlgorithmChopda/ecommerce-for-sneakers-API-in-go/internal/api/product.go:97.107,98.54 1 1
github.com/AlgorithmChopda/ecommerce-for-sneakers-API-in-go/internal/api/product.go:98.54,102.18 3 2
github.com/AlgorithmChopda/ecommerce-for-sneakers-API-in-go/internal/api/product.go:102.18,104.4 1 2
github.com/AlgorithmChopda/ecommerce-for-sneakers-API-in-go/internal/api/product.go:106.3,107.17 2 2
github.com/AlgorithmChopda/ecommerce-for-sneakers-API-in-go/internal/api/product.go:107.17,109.4 1 2
github.com/AlgorithmChopda/ecommerce-for-sneakers-API-in-go/internal/api/product.go:111.3,112.18 2 2
github.com/AlgorithmChopda/ecommerce-for-sneakers-API-in-go/internal/api/product.go:112.18,114.4 1 2
github.com/AlgorithmChopda/ecommerce-for-sneakers-API-in-go/internal/api/product.go:116.3,117.17 2 2
github.com/AlgorithmChopda/ecommerce-for-sneakers-API-in-go/internal/api/product.go:117.17,121.4 3 1
github.com/AlgorithmChopda/ecommerce-for-sneakers-API-in-go/internal/api/product.go:123.3,123.75 1 1
github.com/AlgorithmChopda/ecommerce-for-sneakers-API-in-go/internal/api/router.go:12.51,50.2 25 0
github.com/AlgorithmChopda/ecommerce-for-sneakers-API-in-go/internal/api/seller.go:14.99,15.54 1 1
github.com/AlgorithmChopda/ecommerce-for-sneakers-API-in-go/internal/api/seller.go:15.54,18.17 3 4
github.com/AlgorithmChopda/ecommerce-for-sneakers-API-in-go/internal/api/seller.go:18.17,21.4 2 1
github.com/AlgorithmChopda/ecommerce-for-sneakers-API-in-go/internal/api/seller.go:23.3,24.17 2 3
github.com/AlgorithmChopda/ecommerce-for-sneakers-API-in-go/internal/api/seller.go:24.17,27.4 2 1
github.com/AlgorithmChopda/ecommerce-for-sneakers-API-in-go/internal/api/seller.go:29.3,30.17 2 2
github.com/AlgorithmChopda/ecommerce-for-sneakers-API-in-go/internal/api/seller.go:30.17,34.4 3 1
github.com/AlgorithmChopda/ecommerce-for-sneakers-API-in-go/internal/api/seller.go:36.3,36.75 1 1
github.com/AlgorithmChopda/ecommerce-for-sneakers-API-in-go/internal/api/seller.go:40.98,41.54 1 1
github.com/AlgorithmChopda/ecommerce-for-sneakers-API-in-go/internal/api/seller.go:41.54,44.17 2 2
github.com/AlgorithmChopda/ecommerce-for-sneakers-API-in-go/internal/api/seller.go:44.17,47.4 2 1
github.com/AlgorithmChopda/ecommerce-for-sneakers-API-in-go/internal/api/seller.go:49.3,49.91 1 1
github.com/AlgorithmChopda/ecommerce-for-sneakers-API-in-go/internal/api/seller.go:53.97,54.54 1 1
github.com/AlgorithmChopda/ecommerce-for-sneakers-API-in-go/internal/api/seller.go:54.54,56.17 2 3
github.com/AlgorithmChopda/ecommerce-for-sneakers-API-in-go/internal/api/seller.go:56.17,59.4 2 1
github.com/AlgorithmChopda/ecommerce-for-sneakers-API-in-go/internal/api/seller.go:61.3,62.17 2 2
github.com/AlgorithmChopda/ecommerce-for-sneakers-API-in-go/internal/api/seller.go:62.17,66.4 3 1
github.com/AlgorithmChopda/ecommerce-for-sneakers-API-in-go/internal/api/seller.go:68.3,68.83 1 1
github.com/AlgorithmChopda/ecommerce-for-sneakers-API-in-go/internal/api/user.go:15.93,16.54 1 1
github.com/AlgorithmChopda/ecommerce-for-sneakers-API-in-go/internal/api/user.go:16.54,19.17 3 4
github.com/AlgorithmChopda/ecommerce-for-sneakers-API-in-go/internal/api/user.go:19.17,23.4 3 1
github.com/AlgorithmChopda/ecommerce-for-sneakers-API-in-go/internal/api/user.go:25.3,26.17 2 3
github.com/AlgorithmChopda/ecommerce-for-sneakers-API-in-go/internal/api/user.go:26.17,30.4 3 1
github.com/AlgorithmChopda/ecommerce-for-sneakers-API-in-go/internal/api/user.go:32.3,33.17 2 2
github.com/AlgorithmChopda/ecommerce-for-sneakers-API-in-go/internal/api/user.go:33.17,37.4 3 1
github.com/AlgorithmChopda/ecommerce-for-sneakers-API-in-go/internal/api/user.go:39.3,39.74 1 1
github.com/AlgorithmChopda/ecommerce-for-sneakers-API-in-go/internal/api/user.go:43.90,44.54 1 1
github.com/AlgorithmChopda/ecommerce-for-sneakers-API-in-go/internal/api/user.go:44.54,47.17 3 4
github.com/AlgorithmChopda/ecommerce-for-sneakers-API-in-go/internal/api/user.go:47.17,51.4 3 1
github.com/AlgorithmChopda/ecommerce-for-sneakers-API-in-go/internal/api/user.go:53.3,54.17 2 3
github.com/AlgorithmChopda/ecommerce-for-sneakers-API-in-go/internal/api/user.go:54.17,57.4 2 1
github.com/AlgorithmChopda/ecommerce-for-sneakers-API-in-go/internal/api/user.go:59.3,60.17 2 2
github.com/AlgorithmChopda/ecommerce-for-sneakers-API-in-go/internal/api/user.go:60.17,64.4 3 1
github.com/AlgorithmChopda/ecommerce-for-sneakers-API-in-go/internal/api/user.go:66.3,68.40 1 1
github.com/AlgorithmChopda/ecommerce-for-sneakers-API-in-go/internal/api/user.go:72.92,73.54 1 1
github.com/AlgorithmChopda/ecommerce-for-sneakers-API-in-go/internal/api/user.go:73.54,75.17 2 2
github.com/AlgorithmChopda/ecommerce-for-sneakers-API-in-go/internal/api/user.go:75.17,79.4 3 1
github.com/AlgorithmChopda/ecommerce-for-sneakers-API-in-go/internal/api/user.go:81.3,81.91 1 1
github.com/AlgorithmChopda/ecommerce-for-sneakers-API-in-go/internal/api/user.go:85.95,86.54 1 0
github.com/AlgorithmChopda/ecommerce-for-sneakers-API-in-go/internal/api/user.go:86.54,88.17 2 0
github.com/AlgorithmChopda/ecommerce-for-sneakers-API-in-go/internal/api/user.go:88.17,91.4 2 0
github.com/AlgorithmChopda/ecommerce-for-sneakers-API-in-go/internal/api/user.go:93.3,94.17 2 0
github.com/AlgorithmChopda/ecommerce-for-sneakers-API-in-go/internal/api/user.go:94.17,98.4 3 0
github.com/AlgorithmChopda/ecommerce-for-sneakers-API-in-go/internal/api/user.go:100.3,100.103 1 0
