mode: count
github.com/AlgorithmChopda/ecommerce-for-sneakers-API-in-go/internal/app/user/service.go:28.109,33.2 1 3
github.com/AlgorithmChopda/ecommerce-for-sneakers-API-in-go/internal/app/user/service.go:35.125,38.16 3 3
github.com/AlgorithmChopda/ecommerce-for-sneakers-API-in-go/internal/app/user/service.go:38.16,40.3 1 1
github.com/AlgorithmChopda/ecommerce-for-sneakers-API-in-go/internal/app/user/service.go:42.2,43.15 2 2
github.com/AlgorithmChopda/ecommerce-for-sneakers-API-in-go/internal/app/user/service.go:43.15,45.3 1 1
github.com/AlgorithmChopda/ecommerce-for-sneakers-API-in-go/internal/app/user/service.go:47.2,48.16 2 1
github.com/AlgorithmChopda/ecommerce-for-sneakers-API-in-go/internal/app/user/service.go:48.16,50.3 1 0
github.com/AlgorithmChopda/ecommerce-for-sneakers-API-in-go/internal/app/user/service.go:52.2,53.16 2 1
github.com/AlgorithmChopda/ecommerce-for-sneakers-API-in-go/internal/app/user/service.go:53.16,55.3 1 0
github.com/AlgorithmChopda/ecommerce-for-sneakers-API-in-go/internal/app/user/service.go:57.2,71.16 3 1
github.com/AlgorithmChopda/ecommerce-for-sneakers-API-in-go/internal/app/user/service.go:71.16,73.3 1 0
github.com/AlgorithmChopda/ecommerce-for-sneakers-API-in-go/internal/app/user/service.go:75.2,85.26 2 1
github.com/AlgorithmChopda/ecommerce-for-sneakers-API-in-go/internal/app/user/service.go:88.72,90.16 2 2
github.com/AlgorithmChopda/ecommerce-for-sneakers-API-in-go/internal/app/user/service.go:90.16,92.3 1 1
github.com/AlgorithmChopda/ecommerce-for-sneakers-API-in-go/internal/app/user/service.go:94.2,95.16 2 1
github.com/AlgorithmChopda/ecommerce-for-sneakers-API-in-go/internal/app/user/service.go:95.16,98.3 2 1
github.com/AlgorithmChopda/ecommerce-for-sneakers-API-in-go/internal/app/user/service.go:100.2,101.16 2 0
github.com/AlgorithmChopda/ecommerce-for-sneakers-API-in-go/internal/app/user/service.go:101.16,104.3 2 0
github.com/AlgorithmChopda/ecommerce-for-sneakers-API-in-go/internal/app/user/service.go:106.2,106.19 1 0
github.com/AlgorithmChopda/ecommerce-for-sneakers-API-in-go/internal/app/user/service.go:109.84,113.14 3 0
github.com/AlgorithmChopda/ecommerce-for-sneakers-API-in-go/internal/app/user/service.go:114.16,115.30 1 0
github.com/AlgorithmChopda/ecommerce-for-sneakers-API-in-go/internal/app/user/service.go:116.15,117.29 1 0
github.com/AlgorithmChopda/ecommerce-for-sneakers-API-in-go/internal/app/user/service.go:118.10,119.17 1 0
github.com/AlgorithmChopda/ecommerce-for-sneakers-API-in-go/internal/app/user/service.go:119.17,121.4 1 0
github.com/AlgorithmChopda/ecommerce-for-sneakers-API-in-go/internal/app/user/service.go:121.9,123.4 1 0
github.com/AlgorithmChopda/ecommerce-for-sneakers-API-in-go/internal/app/user/service.go:126.2,127.16 2 0
github.com/AlgorithmChopda/ecommerce-for-sneakers-API-in-go/internal/app/user/service.go:127.16,129.3 1 0
github.com/AlgorithmChopda/ecommerce-for-sneakers-API-in-go/internal/app/user/service.go:131.2,131.22 1 0
github.com/AlgorithmChopda/ecommerce-for-sneakers-API-in-go/internal/app/user/service.go:134.80,136.16 2 2
github.com/AlgorithmChopda/ecommerce-for-sneakers-API-in-go/internal/app/user/service.go:136.16,138.3 1 1
github.com/AlgorithmChopda/ecommerce-for-sneakers-API-in-go/internal/app/user/service.go:140.2,140.24 1 1
